<?xml version="1.0" encoding="UTF-8"?>
<!-- Generated by org.testng.reporters.JUnitXMLReporter -->
<testsuite ignored="2" hostname="DESKTOP-VU7UP1J" failures="0" tests="0" time="0.032" errors="0" timestamp="2025-04-06T23:29:22 IST">
  <testcase classname="testCases.TC_002_LoginTest" name="verify_login" time="0.0">
    <ignored/>
  </testcase> <!-- verify_login -->
  <testcase classname="testCases.TC_001_AccountRegistrationTest" name="verify_accouunt_registration" time="0.0">
    <ignored/>
  </testcase> <!-- verify_accouunt_registration -->
</testsuite>
