<?xml version="1.0" encoding="UTF-8"?>
<testng-results ignored="0" total="2" passed="2" failed="0" skipped="0">
  <reporter-output>
  </reporter-output>
  <suite started-at="2025-04-11T18:38:44 IST" name="Suite" finished-at="2025-04-11T18:38:58 IST" duration-ms="14424">
    <groups>
      <group name="Master">
        <method signature="TC_001_AccountRegistrationTest.verify_accouunt_registration()[pri:0, instance:testCases.TC_001_AccountRegistrationTest@73a1e9a9]" name="verify_accouunt_registration" class="testCases.TC_001_AccountRegistrationTest"/>
        <method signature="TC_002_LoginTest.verify_login()[pri:0, instance:testCases.TC_002_LoginTest@65fb9ffc]" name="verify_login" class="testCases.TC_002_LoginTest"/>
      </group> <!-- Master -->
      <group name="Sanity">
        <method signature="TC_002_LoginTest.verify_login()[pri:0, instance:testCases.TC_002_LoginTest@65fb9ffc]" name="verify_login" class="testCases.TC_002_LoginTest"/>
      </group> <!-- Sanity -->
      <group name="All Tests">
        <method signature="TC_001_AccountRegistrationTest.verify_accouunt_registration()[pri:0, instance:testCases.TC_001_AccountRegistrationTest@73a1e9a9]" name="verify_accouunt_registration" class="testCases.TC_001_AccountRegistrationTest"/>
        <method signature="TC_002_LoginTest.verify_login()[pri:0, instance:testCases.TC_002_LoginTest@65fb9ffc]" name="verify_login" class="testCases.TC_002_LoginTest"/>
      </group> <!-- All Tests -->
      <group name="Regression">
        <method signature="TC_001_AccountRegistrationTest.verify_accouunt_registration()[pri:0, instance:testCases.TC_001_AccountRegistrationTest@73a1e9a9]" name="verify_accouunt_registration" class="testCases.TC_001_AccountRegistrationTest"/>
      </group> <!-- Regression -->
    </groups>
    <test started-at="2025-04-11T18:38:44 IST" name="Test" finished-at="2025-04-11T18:38:58 IST" duration-ms="14424">
      <class name="testCases.TC_001_AccountRegistrationTest">
        <test-method is-config="true" signature="setup(java.lang.String,java.lang.String)[pri:0, instance:testCases.TC_001_AccountRegistrationTest@73a1e9a9]" started-at="2025-04-11T18:38:44 IST" name="setup" finished-at="2025-04-11T18:38:48 IST" duration-ms="4369" status="PASS">
          <params>
            <param index="0">
              <value>
                <![CDATA[windows]]>
              </value>
            </param>
            <param index="1">
              <value>
                <![CDATA[chrome]]>
              </value>
            </param>
          </params>
          <reporter-output>
          </reporter-output>
        </test-method> <!-- setup -->
        <test-method signature="verify_accouunt_registration()[pri:0, instance:testCases.TC_001_AccountRegistrationTest@73a1e9a9]" started-at="2025-04-11T18:38:48 IST" name="verify_accouunt_registration" finished-at="2025-04-11T18:38:52 IST" duration-ms="4049" status="PASS">
          <reporter-output>
          </reporter-output>
        </test-method> <!-- verify_accouunt_registration -->
        <test-method is-config="true" signature="tearDown()[pri:0, instance:testCases.TC_001_AccountRegistrationTest@73a1e9a9]" started-at="2025-04-11T18:38:52 IST" name="tearDown" finished-at="2025-04-11T18:38:53 IST" duration-ms="650" status="PASS">
          <reporter-output>
          </reporter-output>
        </test-method> <!-- tearDown -->
      </class> <!-- testCases.TC_001_AccountRegistrationTest -->
      <class name="testCases.TC_002_LoginTest">
        <test-method is-config="true" signature="setup(java.lang.String,java.lang.String)[pri:0, instance:testCases.TC_002_LoginTest@65fb9ffc]" started-at="2025-04-11T18:38:53 IST" name="setup" finished-at="2025-04-11T18:38:55 IST" duration-ms="2267" status="PASS">
          <params>
            <param index="0">
              <value>
                <![CDATA[windows]]>
              </value>
            </param>
            <param index="1">
              <value>
                <![CDATA[chrome]]>
              </value>
            </param>
          </params>
          <reporter-output>
          </reporter-output>
        </test-method> <!-- setup -->
        <test-method signature="verify_login()[pri:0, instance:testCases.TC_002_LoginTest@65fb9ffc]" started-at="2025-04-11T18:38:55 IST" name="verify_login" finished-at="2025-04-11T18:38:57 IST" duration-ms="2116" status="PASS">
          <reporter-output>
          </reporter-output>
        </test-method> <!-- verify_login -->
        <test-method is-config="true" signature="tearDown()[pri:0, instance:testCases.TC_002_LoginTest@65fb9ffc]" started-at="2025-04-11T18:38:57 IST" name="tearDown" finished-at="2025-04-11T18:38:58 IST" duration-ms="527" status="PASS">
          <reporter-output>
          </reporter-output>
        </test-method> <!-- tearDown -->
      </class> <!-- testCases.TC_002_LoginTest -->
    </test> <!-- Test -->
  </suite> <!-- Suite -->
</testng-results>
