<?xml version="1.0" encoding="UTF-8"?>
<testng-results ignored="0" total="2" passed="2" failed="0" skipped="0">
  <reporter-output>
  </reporter-output>
  <suite started-at="2025-04-11T18:25:06 IST" name="Suite" finished-at="2025-04-11T18:25:22 IST" duration-ms="15578">
    <groups>
      <group name="Master">
        <method signature="TC_001_AccountRegistrationTest.verify_accouunt_registration()[pri:0, instance:testCases.TC_001_AccountRegistrationTest@3e08ff24]" name="verify_accouunt_registration" class="testCases.TC_001_AccountRegistrationTest"/>
        <method signature="TC_002_LoginTest.verify_login()[pri:0, instance:testCases.TC_002_LoginTest@496bc455]" name="verify_login" class="testCases.TC_002_LoginTest"/>
      </group> <!-- Master -->
      <group name="Sanity">
        <method signature="TC_002_LoginTest.verify_login()[pri:0, instance:testCases.TC_002_LoginTest@496bc455]" name="verify_login" class="testCases.TC_002_LoginTest"/>
      </group> <!-- Sanity -->
      <group name="All Tests">
        <method signature="TC_001_AccountRegistrationTest.verify_accouunt_registration()[pri:0, instance:testCases.TC_001_AccountRegistrationTest@3e08ff24]" name="verify_accouunt_registration" class="testCases.TC_001_AccountRegistrationTest"/>
        <method signature="TC_002_LoginTest.verify_login()[pri:0, instance:testCases.TC_002_LoginTest@496bc455]" name="verify_login" class="testCases.TC_002_LoginTest"/>
      </group> <!-- All Tests -->
      <group name="Regression">
        <method signature="TC_001_AccountRegistrationTest.verify_accouunt_registration()[pri:0, instance:testCases.TC_001_AccountRegistrationTest@3e08ff24]" name="verify_accouunt_registration" class="testCases.TC_001_AccountRegistrationTest"/>
      </group> <!-- Regression -->
    </groups>
    <test started-at="2025-04-11T18:25:06 IST" name="Test" finished-at="2025-04-11T18:25:22 IST" duration-ms="15578">
      <class name="testCases.TC_001_AccountRegistrationTest">
        <test-method is-config="true" signature="setup(java.lang.String,java.lang.String)[pri:0, instance:testCases.TC_001_AccountRegistrationTest@3e08ff24]" started-at="2025-04-11T18:25:06 IST" name="setup" finished-at="2025-04-11T18:25:12 IST" duration-ms="5655" status="PASS">
          <params>
            <param index="0">
              <value>
                <![CDATA[windows]]>
              </value>
            </param>
            <param index="1">
              <value>
                <![CDATA[chrome]]>
              </value>
            </param>
          </params>
          <reporter-output>
          </reporter-output>
        </test-method> <!-- setup -->
        <test-method signature="verify_accouunt_registration()[pri:0, instance:testCases.TC_001_AccountRegistrationTest@3e08ff24]" started-at="2025-04-11T18:25:12 IST" name="verify_accouunt_registration" finished-at="2025-04-11T18:25:15 IST" duration-ms="3196" status="PASS">
          <reporter-output>
          </reporter-output>
        </test-method> <!-- verify_accouunt_registration -->
        <test-method is-config="true" signature="tearDown()[pri:0, instance:testCases.TC_001_AccountRegistrationTest@3e08ff24]" started-at="2025-04-11T18:25:15 IST" name="tearDown" finished-at="2025-04-11T18:25:16 IST" duration-ms="661" status="PASS">
          <reporter-output>
          </reporter-output>
        </test-method> <!-- tearDown -->
      </class> <!-- testCases.TC_001_AccountRegistrationTest -->
      <class name="testCases.TC_002_LoginTest">
        <test-method is-config="true" signature="setup(java.lang.String,java.lang.String)[pri:0, instance:testCases.TC_002_LoginTest@496bc455]" started-at="2025-04-11T18:25:16 IST" name="setup" finished-at="2025-04-11T18:25:19 IST" duration-ms="2708" status="PASS">
          <params>
            <param index="0">
              <value>
                <![CDATA[windows]]>
              </value>
            </param>
            <param index="1">
              <value>
                <![CDATA[chrome]]>
              </value>
            </param>
          </params>
          <reporter-output>
          </reporter-output>
        </test-method> <!-- setup -->
        <test-method signature="verify_login()[pri:0, instance:testCases.TC_002_LoginTest@496bc455]" started-at="2025-04-11T18:25:19 IST" name="verify_login" finished-at="2025-04-11T18:25:21 IST" duration-ms="2407" status="PASS">
          <reporter-output>
          </reporter-output>
        </test-method> <!-- verify_login -->
        <test-method is-config="true" signature="tearDown()[pri:0, instance:testCases.TC_002_LoginTest@496bc455]" started-at="2025-04-11T18:25:21 IST" name="tearDown" finished-at="2025-04-11T18:25:22 IST" duration-ms="530" status="PASS">
          <reporter-output>
          </reporter-output>
        </test-method> <!-- tearDown -->
      </class> <!-- testCases.TC_002_LoginTest -->
    </test> <!-- Test -->
  </suite> <!-- Suite -->
</testng-results>
